This is pdfTeX, Version 3.141592653-2.6-1.40.22 (TeX Live 2022/dev/Debian) (preloaded format=pdflatex 2024.2.2)  2 FEB 2024 15:33
entering extended mode
 restricted \write18 enabled.
 %&-line parsing enabled.
**reqs4B.tex
(./reqs4B.tex
LaTeX2e <2021-11-15> patch level 1
L3 programming layer <2022-01-21>
(/usr/share/texlive/texmf-dist/tex/latex/base/article.cls
Document Class: article 2021/10/04 v1.4n Standard LaTeX document class
(/usr/share/texlive/texmf-dist/tex/latex/base/size10.clo
File: size10.clo 2021/10/04 v1.4n Standard LaTeX file (size option)
)
\c@part=\count185
\c@section=\count186
\c@subsection=\count187
\c@subsubsection=\count188
\c@paragraph=\count189
\c@subparagraph=\count190
\c@figure=\count191
\c@table=\count192
\abovecaptionskip=\skip47
\belowcaptionskip=\skip48
\bibindent=\dimen138
)
(/usr/share/texlive/texmf-dist/tex/latex/base/inputenc.sty
Package: inputenc 2021/02/14 v1.3d Input encoding file
\inpenc@prehook=\toks16
\inpenc@posthook=\toks17
)
(/usr/share/texlive/texmf-dist/tex/latex/enumitem/enumitem.sty
Package: enumitem 2019/06/20 v3.9 Customized lists
\enitkv@toks@=\toks18
\labelindent=\skip49
\enit@outerparindent=\dimen139
\enit@toks=\toks19
\enit@inbox=\box50
\enit@count@id=\count193
\enitdp@description=\count194
)
(/usr/share/texlive/texmf-dist/tex/latex/graphics/graphicx.sty
Package: graphicx 2021/09/16 v1.2d Enhanced LaTeX Graphics (DPC,SPQR)

(/usr/share/texlive/texmf-dist/tex/latex/graphics/keyval.sty
Package: keyval 2014/10/28 v1.15 key=value parser (DPC)
\KV@toks@=\toks20
)
(/usr/share/texlive/texmf-dist/tex/latex/graphics/graphics.sty
Package: graphics 2021/03/04 v1.4d Standard LaTeX Graphics (DPC,SPQR)

(/usr/share/texlive/texmf-dist/tex/latex/graphics/trig.sty
Package: trig 2021/08/11 v1.11 sin cos tan (DPC)
)
(/usr/share/texlive/texmf-dist/tex/latex/graphics-cfg/graphics.cfg
File: graphics.cfg 2016/06/04 v1.11 sample graphics configuration
)
Package graphics Info: Driver file: pdftex.def on input line 107.

(/usr/share/texlive/texmf-dist/tex/latex/graphics-def/pdftex.def
File: pdftex.def 2020/10/05 v1.2a Graphics/color driver for pdftex
))
\Gin@req@height=\dimen140
\Gin@req@width=\dimen141
)
(/usr/share/texlive/texmf-dist/tex/latex/adjustbox/adjustbox.sty
Package: adjustbox 2020/08/19 v1.3 Adjusting TeX boxes (trim, clip, ...)

(/usr/share/texlive/texmf-dist/tex/latex/xkeyval/xkeyval.sty
Package: xkeyval 2020/11/20 v2.8 package option processing (HA)

(/usr/share/texlive/texmf-dist/tex/generic/xkeyval/xkeyval.tex
(/usr/share/texlive/texmf-dist/tex/generic/xkeyval/xkvutils.tex
\XKV@toks=\toks21
\XKV@tempa@toks=\toks22
)
\XKV@depth=\count195
File: xkeyval.tex 2014/12/03 v2.7a key=value parser (HA)
))
(/usr/share/texlive/texmf-dist/tex/latex/adjustbox/adjcalc.sty
Package: adjcalc 2012/05/16 v1.1 Provides advanced setlength with multiple back
-ends (calc, etex, pgfmath)
)
(/usr/share/texlive/texmf-dist/tex/latex/adjustbox/trimclip.sty
Package: trimclip 2020/08/19 v1.2 Trim and clip general TeX material

(/usr/share/texlive/texmf-dist/tex/latex/collectbox/collectbox.sty
Package: collectbox 2012/05/17 v0.4b Collect macro arguments as boxes
\collectedbox=\box51
)
\tc@llx=\dimen142
\tc@lly=\dimen143
\tc@urx=\dimen144
\tc@ury=\dimen145
Package trimclip Info: Using driver 'tc-pdftex.def'.

(/usr/share/texlive/texmf-dist/tex/latex/adjustbox/tc-pdftex.def
File: tc-pdftex.def 2019/01/04 v2.2 Clipping driver for pdftex
))
\adjbox@Width=\dimen146
\adjbox@Height=\dimen147
\adjbox@Depth=\dimen148
\adjbox@Totalheight=\dimen149
\adjbox@pwidth=\dimen150
\adjbox@pheight=\dimen151
\adjbox@pdepth=\dimen152
\adjbox@ptotalheight=\dimen153

(/usr/share/texlive/texmf-dist/tex/latex/ifoddpage/ifoddpage.sty
Package: ifoddpage 2016/04/23 v1.1 Conditionals for odd/even page detection
\c@checkoddpage=\count196
)
(/usr/share/texlive/texmf-dist/tex/latex/varwidth/varwidth.sty
Package: varwidth 2009/03/30 ver 0.92;  Variable-width minipages
\@vwid@box=\box52
\sift@deathcycles=\count197
\@vwid@loff=\dimen154
\@vwid@roff=\dimen155
))
(/usr/share/texlive/texmf-dist/tex/latex/l3backend/l3backend-pdftex.def
File: l3backend-pdftex.def 2022-01-12 L3 backend support: PDF output (pdfTeX)
\l__color_backend_stack_int=\count198
\l__pdf_internal_box=\box53
)
No file reqs4B.aux.
\openout1 = `reqs4B.aux'.

LaTeX Font Info:    Checking defaults for OML/cmm/m/it on input line 12.
LaTeX Font Info:    ... okay on input line 12.
LaTeX Font Info:    Checking defaults for OMS/cmsy/m/n on input line 12.
LaTeX Font Info:    ... okay on input line 12.
LaTeX Font Info:    Checking defaults for OT1/cmr/m/n on input line 12.
LaTeX Font Info:    ... okay on input line 12.
LaTeX Font Info:    Checking defaults for T1/cmr/m/n on input line 12.
LaTeX Font Info:    ... okay on input line 12.
LaTeX Font Info:    Checking defaults for TS1/cmr/m/n on input line 12.
LaTeX Font Info:    ... okay on input line 12.
LaTeX Font Info:    Checking defaults for OMX/cmex/m/n on input line 12.
LaTeX Font Info:    ... okay on input line 12.
LaTeX Font Info:    Checking defaults for U/cmr/m/n on input line 12.
LaTeX Font Info:    ... okay on input line 12.
(/usr/share/texlive/texmf-dist/tex/context/base/mkii/supp-pdf.mkii
[Loading MPS to PDF converter (version 2006.09.02).]
\scratchcounter=\count199
\scratchdimen=\dimen156
\scratchbox=\box54
\nofMPsegments=\count266
\nofMParguments=\count267
\everyMPshowfont=\toks23
\MPscratchCnt=\count268
\MPscratchDim=\dimen157
\MPnumerator=\count269
\makeMPintoPDFobject=\count270
\everyMPtoPDFconversion=\toks24
) (/usr/share/texlive/texmf-dist/tex/latex/epstopdf-pkg/epstopdf-base.sty
Package: epstopdf-base 2020-01-24 v2.11 Base part for package epstopdf
Package epstopdf-base Info: Redefining graphics rule for `.eps' on input line 4
85.

(/usr/share/texlive/texmf-dist/tex/latex/latexconfig/epstopdf-sys.cfg
File: epstopdf-sys.cfg 2010/07/13 v1.3 Configuration of (r)epstopdf for TeX Liv
e
))
LaTeX Font Info:    External font `cmex10' loaded for size
(Font)              <12> on input line 14.
LaTeX Font Info:    External font `cmex10' loaded for size
(Font)              <8> on input line 14.
LaTeX Font Info:    External font `cmex10' loaded for size
(Font)              <6> on input line 14.


LaTeX Warning: No \author given.

[1

{/var/lib/texmf/fonts/map/pdftex/updmap/pdftex.map}]
<r1-2.png, id=10, 580.1675pt x 532.99126pt>
File: r1-2.png Graphic file (type png)
<use r1-2.png>
Package pdftex.def Info: r1-2.png  used on input line 52.
(pdftex.def)             Requested size: 448.50105pt x 412.0311pt.
LaTeX Font Info:    External font `cmex10' loaded for size
(Font)              <7> on input line 54.
LaTeX Font Info:    External font `cmex10' loaded for size
(Font)              <5> on input line 54.


LaTeX Warning: `h' float specifier changed to `ht'.

<r3-4.png, id=12, 562.1pt x 566.115pt>
File: r3-4.png Graphic file (type png)
<use r3-4.png>
Package pdftex.def Info: r3-4.png  used on input line 61.
(pdftex.def)             Requested size: 448.50105pt x 451.70055pt.

LaTeX Warning: `h' float specifier changed to `ht'.

<r5-6.png, id=13, 569.12625pt x 586.19pt>
File: r5-6.png Graphic file (type png)
<use r5-6.png>
Package pdftex.def Info: r5-6.png  used on input line 71.
(pdftex.def)             Requested size: 448.50105pt x 461.96696pt.

LaTeX Warning: `h' float specifier changed to `ht'.

<r7-8-9.png, id=14, 568.1225pt x 679.53876pt>
File: r7-8-9.png Graphic file (type png)
<use r7-8-9.png>
Package pdftex.def Info: r7-8-9.png  used on input line 80.
(pdftex.def)             Requested size: 448.50105pt x 536.4772pt.

LaTeX Warning: Float too large for page by 10.42165pt on input line 83.


LaTeX Warning: `h' float specifier changed to `ht'.

<r10-11.png, id=15, 568.1225pt x 725.71124pt>
File: r10-11.png Graphic file (type png)
<use r10-11.png>
Package pdftex.def Info: r10-11.png  used on input line 90.
(pdftex.def)             Requested size: 448.50105pt x 572.92911pt.

LaTeX Warning: Float too large for page by 46.87355pt on input line 93.


LaTeX Warning: `h' float specifier changed to `ht'.

<r12-13.png, id=16, 564.1075pt x 587.19376pt>
File: r12-13.png Graphic file (type png)
<use r12-13.png>
Package pdftex.def Info: r12-13.png  used on input line 100.
(pdftex.def)             Requested size: 448.50105pt x 466.86162pt.

LaTeX Warning: `h' float specifier changed to `ht'.

<r14.png, id=17, 568.1225pt x 397.485pt>
File: r14.png Graphic file (type png)
<use r14.png>
Package pdftex.def Info: r14.png  used on input line 110.
(pdftex.def)             Requested size: 448.50105pt x 313.80348pt.

LaTeX Warning: `h' float specifier changed to `ht'.

<final.png, id=18, 422.32782pt x 571.38469pt>
File: final.png Graphic file (type png)
<use final.png>
Package pdftex.def Info: final.png  used on input line 118.
(pdftex.def)             Requested size: 448.50105pt x 606.81573pt.

LaTeX Warning: Float too large for page by 80.76018pt on input line 121.


LaTeX Warning: `h' float specifier changed to `ht'.

[2] [3 <./r1-2.png>] [4 <./r3-4.png>] [5 <./r5-6.png>] [6 <./r7-8-9.png>]
[7 <./r10-11.png>] [8 <./r12-13.png>] [9 <./r14.png>] [10 <./final.png>]
(./reqs4B.aux)

LaTeX Warning: Label(s) may have changed. Rerun to get cross-references right.

 ) 
Here is how much of TeX's memory you used:
 2843 strings out of 480204
 48905 string characters out of 5895011
 338576 words of memory out of 5000000
 20783 multiletter control sequences out of 15000+600000
 473541 words of font info for 42 fonts, out of 8000000 for 9000
 36 hyphenation exceptions out of 8191
 55i,7n,62p,590b,410s stack positions out of 5000i,500n,10000p,200000b,80000s
 </home/asmos/.texlive2021/texmf-var/fonts/pk/ljfour/jknappen/ec/tcrm1000.600
pk></usr/share/texlive/texmf-dist/fonts/type1/public/amsfonts/cm/cmbx12.pfb></u
sr/share/texlive/texmf-dist/fonts/type1/public/amsfonts/cm/cmr10.pfb></usr/shar
e/texlive/texmf-dist/fonts/type1/public/amsfonts/cm/cmr17.pfb>
Output written on reqs4B.pdf (10 pages, 696620 bytes).
PDF statistics:
 73 PDF objects out of 1000 (max. 8388607)
 38 compressed objects within 1 object stream
 0 named destinations out of 1000 (max. 500000)
 41 words of extra memory for PDF output out of 10000 (max. 10000000)

